#
# A fatal error has been detected by the Java Runtime Environment:
#
#  EXCEPTION_ACCESS_VIOLATION (0xc0000005) at pc=0x00007fff46d58fed, pid=4120, tid=0x0000000000001948
#
# JRE version: OpenJDK Runtime Environment (8.0_242-b08) (build 1.8.0_242-b08)
# Java VM: OpenJDK 64-Bit Server VM (25.242-b08 mixed mode windows-amd64 compressed oops)
# Problematic frame:
# C  [ig9icd64.dll+0x6e8fed]
#
# Failed to write core dump. Minidumps are not enabled by default on client versions of Windows
#
# If you would like to submit a bug report, please visit:
#   
# The crash happened outside the Java Virtual Machine in native code.
# See problematic frame for where to report the bug.
#

---------------  T H R E A D  ---------------

Current thread (0x000001de606e5800):  JavaThread "main" [_thread_in_native, id=6472, stack(0x000000768a700000,0x000000768a800000)]

siginfo: ExceptionCode=0xc0000005, reading address 0xffffffffffffffff

Registers:
RAX=0x49434e4554535f4c, RBX=0x0000000000000002, RCX=0x000001de05409f68, RDX=0x0000000000000001
RSP=0x000000768a7fadc0, RBP=0x0000000000000001, RSI=0x000001de786cb7c0, RDI=0x000001de78647528
R8 =0x0000000000000002, R9 =0x000001de78647b10, R10=0x0000000000000000, R11=0x0000000000000000
R12=0x000000768a7fb460, R13=0x000000768a7faeb0, R14=0x0000000000000000, R15=0x000000768a7fb460
RIP=0x00007fff46d58fed, EFLAGS=0x0000000000010202

Top of Stack: (sp=0x000000768a7fadc0)
0x000000768a7fadc0:   000001de0539e398 000001de786cb7c0
0x000000768a7fadd0:   0000441b84d829ef 000001de0539e360
0x000000768a7fade0:   000001de00000000 0000000000000000
0x000000768a7fadf0:   000001de053a04d8 00007fff46ebe66e
0x000000768a7fae00:   000000000000000d 000001de05409168
0x000000768a7fae10:   0000007600000001 0000000000000101
0x000000768a7fae20:   000001de0539fef8 00007fff46d723e5
0x000000768a7fae30:   000001de05390101 0000000000000000
0x000000768a7fae40:   000000768a7fb460 000001de0539e360
0x000000768a7fae50:   000001de786cb7c0 0000000000000001
0x000000768a7fae60:   000001de786cb7b0 000001de0539e180
0x000000768a7fae70:   000000768a7faf80 00007fff46d59d21
0x000000768a7fae80:   000001de78647528 000000768a7faeb0
0x000000768a7fae90:   0000000000000000 000001de0539e180
0x000000768a7faea0:   000001de053817d0 0000000000000001
0x000000768a7faeb0:   000001de054094b0 0000000000000002 

Instructions: (pc=0x00007fff46d58fed)
0x00007fff46d58fcd:   e8 66 90 49 8b 45 00 48 8b 08 48 83 c1 28 49 8b
0x00007fff46d58fdd:   5d 08 66 c7 44 24 70 01 01 8b d5 e8 b3 16 ff ff
0x00007fff46d58fed:   4c 8b 30 66 c7 44 24 58 01 01 b9 40 00 00 00 e8
0x00007fff46d58ffd:   cf 61 16 00 48 8b f8 48 89 84 24 c0 00 00 00 48 


Register to memory mapping:

RAX=0x49434e4554535f4c is an unknown value
RBX=0x0000000000000002 is an unknown value
RCX=0x000001de05409f68 is an unknown value
RDX=0x0000000000000001 is an unknown value
RSP=0x000000768a7fadc0 is pointing into the stack for thread: 0x000001de606e5800
RBP=0x0000000000000001 is an unknown value
RSI=0x000001de786cb7c0 is an unknown value
RDI=0x000001de78647528 is an unknown value
R8 =0x0000000000000002 is an unknown value
R9 =0x000001de78647b10 is an unknown value
R10=0x0000000000000000 is an unknown value
R11=0x0000000000000000 is an unknown value
R12=0x000000768a7fb460 is pointing into the stack for thread: 0x000001de606e5800
R13=0x000000768a7faeb0 is pointing into the stack for thread: 0x000001de606e5800
R14=0x0000000000000000 is an unknown value
R15=0x000000768a7fb460 is pointing into the stack for thread: 0x000001de606e5800


Stack: [0x000000768a700000,0x000000768a800000],  sp=0x000000768a7fadc0,  free space=1003k
Native frames: (J=compiled Java code, j=interpreted, Vv=VM code, C=native code)
C  [ig9icd64.dll+0x6e8fed]
C  [ig9icd64.dll+0x6e9d21]
C  [ig9icd64.dll+0x6e9831]
C  [ig9icd64.dll+0x6e3900]
C  [ig9icd64.dll+0x6de655]
C  [ig9icd64.dll+0x6e082c]
C  [ig9icd64.dll+0x6de6c5]
C  [ig9icd64.dll+0x6e614d]
C  [ig9icd64.dll+0x6de655]
C  [ig9icd64.dll+0x6df20a]
C  [ig9icd64.dll+0x6e614d]
C  [ig9icd64.dll+0x6de655]
C  [ig9icd64.dll+0x6dee9c]
C  [ig9icd64.dll+0x6e614d]
C  [ig9icd64.dll+0x6de655]
C  [ig9icd64.dll+0x6e614d]
C  [ig9icd64.dll+0x6e9faa]
C  [ig9icd64.dll+0x6de655]
C  [ig9icd64.dll+0x6e614d]
C  [ig9icd64.dll+0x6de655]
C  [ig9icd64.dll+0x6defd1]
C  [ig9icd64.dll+0x6d2468]
C  [ig9icd64.dll+0x67dc5c]
C  [ig9icd64.dll+0x665c71]
C  [ig9icd64.dll+0x623cf5]
C  [ig9icd64.dll+0x621abb]
C  [ig9icd64.dll+0x1e995b]
C  [ig9icd64.dll+0x1dd989]
C  [ig9icd64.dll+0x1ee284]
C  [ig9icd64.dll+0x307e5d]
C  [ig9icd64.dll+0xcce2c]
C  0x000001de62159c8e

Java frames: (J=compiled Java code, j=interpreted, Vv=VM code)
j  org.lwjgl.opengl.GL20C.glLinkProgram(I)V+0
j  org.lwjgl.opengl.GL20.glLinkProgram(I)V+1
j  engine.graphics.ShaderProgram.link()V+4
j  engine.graphics.Renderer.init(Lengine/Window;)V+50
j  engine.Scene.start(Lengine/Window;)V+27
j  engine.GameEngine.init()V+22
j  engine.GameEngine.run()V+1
j  game.Main.main([Ljava/lang/String;)V+30
v  ~StubRoutines::call_stub

---------------  P R O C E S S  ---------------

Java Threads: ( => current thread )
  0x000001de76fa1000 JavaThread "Service Thread" daemon [_thread_blocked, id=9456, stack(0x000000768b400000,0x000000768b500000)]
  0x000001de76f98000 JavaThread "C1 CompilerThread2" daemon [_thread_blocked, id=10152, stack(0x000000768b300000,0x000000768b400000)]
  0x000001de76f95800 JavaThread "C2 CompilerThread1" daemon [_thread_blocked, id=5092, stack(0x000000768b200000,0x000000768b300000)]
  0x000001de76f3b800 JavaThread "C2 CompilerThread0" daemon [_thread_blocked, id=7000, stack(0x000000768b100000,0x000000768b200000)]
  0x000001de76f39000 JavaThread "Attach Listener" daemon [_thread_blocked, id=3032, stack(0x000000768b000000,0x000000768b100000)]
  0x000001de76f38000 JavaThread "Signal Dispatcher" daemon [_thread_blocked, id=812, stack(0x000000768af00000,0x000000768b000000)]
  0x000001de76f10000 JavaThread "Finalizer" daemon [_thread_blocked, id=2892, stack(0x000000768ae00000,0x000000768af00000)]
  0x000001de76f06000 JavaThread "Reference Handler" daemon [_thread_blocked, id=5036, stack(0x000000768ad00000,0x000000768ae00000)]
=>0x000001de606e5800 JavaThread "main" [_thread_in_native, id=6472, stack(0x000000768a700000,0x000000768a800000)]

Other Threads:
  0x000001de76ee2000 VMThread [stack: 0x000000768ac00000,0x000000768ad00000] [id=6896]
  0x000001de76fa6000 WatcherThread [stack: 0x000000768b500000,0x000000768b600000] [id=10468]

VM state:not at safepoint (normal execution)

VM Mutex/Monitor currently owned by a thread: None

heap address: 0x0000000081a00000, size: 2022 MB, Compressed Oops mode: 32-bit
Narrow klass base: 0x0000000000000000, Narrow klass shift: 3
Compressed class space size: 1073741824 Address: 0x0000000100000000

Heap:
 PSYoungGen      total 38400K, used 15335K [0x00000000d5e00000, 0x00000000d8880000, 0x0000000100000000)
  eden space 33280K, 46% used [0x00000000d5e00000,0x00000000d6cf9f60,0x00000000d7e80000)
  from space 5120K, 0% used [0x00000000d8380000,0x00000000d8380000,0x00000000d8880000)
  to   space 5120K, 0% used [0x00000000d7e80000,0x00000000d7e80000,0x00000000d8380000)
 ParOldGen       total 87552K, used 0K [0x0000000081a00000, 0x0000000086f80000, 0x00000000d5e00000)
  object space 87552K, 0% used [0x0000000081a00000,0x0000000081a00000,0x0000000086f80000)
 Metaspace       used 9163K, capacity 9393K, committed 9600K, reserved 1058816K
  class space    used 763K, capacity 843K, committed 896K, reserved 1048576K

Card table byte_map: [0x000001de71500000,0x000001de71900000] byte_map_base: 0x000001de710f3000

Marking Bits: (ParMarkBitMap*) 0x0000000059d28030
 Begin Bits: [0x000001de71bb0000, 0x000001de73b48000)
 End Bits:   [0x000001de73b48000, 0x000001de75ae0000)

Polling page: 0x000001de60870000

CodeCache: size=245760Kb used=2796Kb max_used=2807Kb free=242963Kb
 bounds [0x000001de62140000, 0x000001de62400000, 0x000001de71140000]
 total_blobs=1542 nmethods=632 adapters=824
 compilation: enabled

Compilation events (10 events):
Event: 0.846 Thread 0x000001de76f98000  628       3       java.nio.HeapCharBuffer::get (15 bytes)
Event: 0.846 Thread 0x000001de76f98000 nmethod 628 0x000001de623fa610 code [0x000001de623fa780, 0x000001de623faa18]
Event: 0.846 Thread 0x000001de76f98000  629       3       java.util.regex.Pattern$Node::match (27 bytes)
Event: 0.846 Thread 0x000001de76f98000 nmethod 629 0x000001de623fab90 code [0x000001de623fad00, 0x000001de623faeb8]
Event: 0.847 Thread 0x000001de76f98000  630       3       java.lang.StringBuffer::<init> (7 bytes)
Event: 0.847 Thread 0x000001de76f98000 nmethod 630 0x000001de623fb010 code [0x000001de623fb180, 0x000001de623fb438]
Event: 0.847 Thread 0x000001de76f98000  631       1       java.nio.Buffer::remaining (10 bytes)
Event: 0.847 Thread 0x000001de76f98000 nmethod 631 0x000001de623fb550 code [0x000001de623fb6a0, 0x000001de623fb7b8]
Event: 0.847 Thread 0x000001de76f3b800  632       4       java.util.regex.Pattern$Node::match (27 bytes)
Event: 0.848 Thread 0x000001de76f3b800 nmethod 632 0x000001de623fe4d0 code [0x000001de623fe600, 0x000001de623fe6b8]

GC Heap History (0 events):
No events

Deoptimization events (0 events):
No events

Classes redefined (0 events):
No events

Internal exceptions (10 events):
Event: 0.280 Thread 0x000001de606e5800 Exception <a 'java/security/PrivilegedActionException'> (0x00000000d6269718) thrown at [C:\cygwin64\tmp\openjdk-jdk8u-windows-x64-hotspot\workspace\build\src\hotspot\src\share\vm\prims\jvm.cpp, line 1502]
Event: 0.280 Thread 0x000001de606e5800 Exception <a 'java/security/PrivilegedActionException'> (0x00000000d6269928) thrown at [C:\cygwin64\tmp\openjdk-jdk8u-windows-x64-hotspot\workspace\build\src\hotspot\src\share\vm\prims\jvm.cpp, line 1502]
Event: 0.309 Thread 0x000001de606e5800 Exception <a 'sun/nio/fs/WindowsException'> (0x00000000d62d36d0) thrown at [C:\cygwin64\tmp\openjdk-jdk8u-windows-x64-hotspot\workspace\build\src\hotspot\src\share\vm\prims\jni.cpp, line 710]
Event: 0.309 Thread 0x000001de606e5800 Exception <a 'sun/nio/fs/WindowsException'> (0x00000000d62d3f78) thrown at [C:\cygwin64\tmp\openjdk-jdk8u-windows-x64-hotspot\workspace\build\src\hotspot\src\share\vm\prims\jni.cpp, line 710]
Event: 0.353 Thread 0x000001de606e5800 Exception <a 'sun/nio/fs/WindowsException'> (0x00000000d6410b38) thrown at [C:\cygwin64\tmp\openjdk-jdk8u-windows-x64-hotspot\workspace\build\src\hotspot\src\share\vm\prims\jni.cpp, line 710]
Event: 0.353 Thread 0x000001de606e5800 Exception <a 'sun/nio/fs/WindowsException'> (0x00000000d6411218) thrown at [C:\cygwin64\tmp\openjdk-jdk8u-windows-x64-hotspot\workspace\build\src\hotspot\src\share\vm\prims\jni.cpp, line 710]
Event: 0.539 Thread 0x000001de606e5800 Exception <a 'sun/nio/fs/WindowsException'> (0x00000000d64e2eb8) thrown at [C:\cygwin64\tmp\openjdk-jdk8u-windows-x64-hotspot\workspace\build\src\hotspot\src\share\vm\prims\jni.cpp, line 710]
Event: 0.539 Thread 0x000001de606e5800 Exception <a 'sun/nio/fs/WindowsException'> (0x00000000d64e35f8) thrown at [C:\cygwin64\tmp\openjdk-jdk8u-windows-x64-hotspot\workspace\build\src\hotspot\src\share\vm\prims\jni.cpp, line 710]
Event: 0.543 Thread 0x000001de606e5800 Exception <a 'sun/nio/fs/WindowsException'> (0x00000000d64ef368) thrown at [C:\cygwin64\tmp\openjdk-jdk8u-windows-x64-hotspot\workspace\build\src\hotspot\src\share\vm\prims\jni.cpp, line 710]
Event: 0.543 Thread 0x000001de606e5800 Exception <a 'sun/nio/fs/WindowsException'> (0x00000000d64ef960) thrown at [C:\cygwin64\tmp\openjdk-jdk8u-windows-x64-hotspot\workspace\build\src\hotspot\src\share\vm\prims\jni.cpp, line 710]

Events (10 events):
Event: 0.844 loading class java/text/FieldPosition
Event: 0.844 loading class java/text/FieldPosition done
Event: 0.844 loading class java/text/DigitList
Event: 0.844 loading class java/text/DigitList done
Event: 0.844 loading class java/math/RoundingMode
Event: 0.844 loading class java/math/RoundingMode done
Event: 0.845 loading class org/lwjgl/system/APIUtil$Encoder
Event: 0.845 loading class org/lwjgl/system/APIUtil$Encoder done
Event: 0.845 loading class org/lwjgl/system/APIUtil$Encoder
Event: 0.845 loading class org/lwjgl/system/APIUtil$Encoder done


Dynamic libraries:
0x00007ff64b000000 - 0x00007ff64b03a000 	C:\Program Files\AdoptOpenJDK\jre-8.0.242.08-hotspot\bin\javaw.exe
0x00007fff88ee0000 - 0x00007fff890d0000 	C:\WINDOWS\SYSTEM32\ntdll.dll
0x00007fff88940000 - 0x00007fff889f2000 	C:\WINDOWS\System32\KERNEL32.DLL
0x00007fff85eb0000 - 0x00007fff86154000 	C:\WINDOWS\System32\KERNELBASE.dll
0x00007fff84030000 - 0x00007fff840bf000 	C:\WINDOWS\SYSTEM32\apphelp.dll
0x00007fff877b0000 - 0x00007fff87853000 	C:\WINDOWS\System32\ADVAPI32.dll
0x00007fff87ad0000 - 0x00007fff87b6e000 	C:\WINDOWS\System32\msvcrt.dll
0x00007fff875d0000 - 0x00007fff87667000 	C:\WINDOWS\System32\sechost.dll
0x00007fff88ba0000 - 0x00007fff88cc0000 	C:\WINDOWS\System32\RPCRT4.dll
0x00007fff88d00000 - 0x00007fff88e94000 	C:\WINDOWS\System32\USER32.dll
0x00007fff86160000 - 0x00007fff86181000 	C:\WINDOWS\System32\win32u.dll
0x00007fff88cd0000 - 0x00007fff88cf6000 	C:\WINDOWS\System32\GDI32.dll
0x00007fff86cf0000 - 0x00007fff86e86000 	C:\WINDOWS\System32\gdi32full.dll
0x00007fff86e90000 - 0x00007fff86f2e000 	C:\WINDOWS\System32\msvcp_win.dll
0x00007fff86260000 - 0x00007fff8635a000 	C:\WINDOWS\System32\ucrtbase.dll
0x00007fff72aa0000 - 0x00007fff72d24000 	C:\WINDOWS\WinSxS\amd64_microsoft.windows.common-controls_6595b64144ccf1df_6.0.18362.959_none_e6c7bbbf130c62bb\COMCTL32.dll
0x00007fff87e80000 - 0x00007fff881b5000 	C:\WINDOWS\System32\combase.dll
0x00007fff86c40000 - 0x00007fff86cc0000 	C:\WINDOWS\System32\bcryptPrimitives.dll
0x00007fff87520000 - 0x00007fff8754e000 	C:\WINDOWS\System32\IMM32.DLL
0x00007fff5ab10000 - 0x00007fff5abff000 	C:\Program Files\AdoptOpenJDK\jre-8.0.242.08-hotspot\bin\msvcr120.dll
0x00007fff5aa60000 - 0x00007fff5ab06000 	C:\Program Files\AdoptOpenJDK\jre-8.0.242.08-hotspot\bin\msvcp120.dll
0x00000000595a0000 - 0x0000000059da1000 	C:\Program Files\AdoptOpenJDK\jre-8.0.242.08-hotspot\bin\server\jvm.dll
0x00007fff88cc0000 - 0x00007fff88cc8000 	C:\WINDOWS\System32\PSAPI.DLL
0x00007fff7f2e0000 - 0x00007fff7f2e9000 	C:\WINDOWS\SYSTEM32\WSOCK32.dll
0x00007fff87880000 - 0x00007fff878ef000 	C:\WINDOWS\System32\WS2_32.dll
0x00007fff82b50000 - 0x00007fff82b74000 	C:\WINDOWS\SYSTEM32\WINMM.dll
0x00007fff82120000 - 0x00007fff8212a000 	C:\WINDOWS\SYSTEM32\VERSION.dll
0x00007fff82b20000 - 0x00007fff82b4d000 	C:\WINDOWS\SYSTEM32\WINMMBASE.dll
0x00007fff85e60000 - 0x00007fff85eaa000 	C:\WINDOWS\System32\cfgmgr32.dll
0x00007fff82540000 - 0x00007fff8254f000 	C:\Program Files\AdoptOpenJDK\jre-8.0.242.08-hotspot\bin\verify.dll
0x00007fff717e0000 - 0x00007fff71808000 	C:\Program Files\AdoptOpenJDK\jre-8.0.242.08-hotspot\bin\java.dll
0x00007fff7f6f0000 - 0x00007fff7f706000 	C:\Program Files\AdoptOpenJDK\jre-8.0.242.08-hotspot\bin\zip.dll
0x00007fff881c0000 - 0x00007fff888a6000 	C:\WINDOWS\System32\SHELL32.dll
0x00007fff87470000 - 0x00007fff87519000 	C:\WINDOWS\System32\shcore.dll
0x00007fff86360000 - 0x00007fff86ae2000 	C:\WINDOWS\System32\windows.storage.dll
0x00007fff85e30000 - 0x00007fff85e53000 	C:\WINDOWS\System32\profapi.dll
0x00007fff85dc0000 - 0x00007fff85e0a000 	C:\WINDOWS\System32\powrprof.dll
0x00007fff85d90000 - 0x00007fff85da0000 	C:\WINDOWS\System32\UMPDC.dll
0x00007fff88b40000 - 0x00007fff88b92000 	C:\WINDOWS\System32\shlwapi.dll
0x00007fff85da0000 - 0x00007fff85db1000 	C:\WINDOWS\System32\kernel.appcore.dll
0x00007fff86190000 - 0x00007fff861a7000 	C:\WINDOWS\System32\cryptsp.dll
0x00007fff73820000 - 0x00007fff7383a000 	C:\Program Files\AdoptOpenJDK\jre-8.0.242.08-hotspot\bin\net.dll
0x00007fff855a0000 - 0x00007fff85607000 	C:\WINDOWS\system32\mswsock.dll
0x00007fff717c0000 - 0x00007fff717d2000 	C:\Program Files\AdoptOpenJDK\jre-8.0.242.08-hotspot\bin\nio.dll
0x00007fff657e0000 - 0x00007fff65844000 	C:\Users\Antho\AppData\Local\Temp\lwjglAntho\3.2.3-build-13\lwjgl.dll
0x00007fff5a9f0000 - 0x00007fff5aa52000 	C:\Users\Antho\AppData\Local\Temp\lwjglAntho\3.2.3-build-13\glfw.dll
0x00007fff84440000 - 0x00007fff844d9000 	C:\WINDOWS\system32\uxtheme.dll
0x00007fff5dc70000 - 0x00007fff5dcb3000 	C:\WINDOWS\SYSTEM32\dinput8.dll
0x00007fff734b0000 - 0x00007fff734c1000 	C:\WINDOWS\SYSTEM32\xinput1_4.dll
0x00007fff85b90000 - 0x00007fff85bba000 	C:\WINDOWS\SYSTEM32\DEVOBJ.dll
0x00007fff84720000 - 0x00007fff8474d000 	C:\WINDOWS\SYSTEM32\dwmapi.dll
0x00007fff77dd0000 - 0x00007fff77eeb000 	C:\WINDOWS\SYSTEM32\inputhost.dll
0x00007fff81470000 - 0x00007fff8179a000 	C:\WINDOWS\SYSTEM32\CoreUIComponents.dll
0x00007fff83e20000 - 0x00007fff83ef4000 	C:\WINDOWS\SYSTEM32\CoreMessaging.dll
0x00007fff82820000 - 0x00007fff82910000 	C:\WINDOWS\SYSTEM32\PROPSYS.dll
0x00007fff81810000 - 0x00007fff81963000 	C:\WINDOWS\SYSTEM32\wintypes.dll
0x00007fff87a00000 - 0x00007fff87ac5000 	C:\WINDOWS\System32\OLEAUT32.dll
0x00007fff84d70000 - 0x00007fff84da1000 	C:\WINDOWS\SYSTEM32\ntmarta.dll
0x00007fff88a00000 - 0x00007fff88b35000 	C:\WINDOWS\System32\MSCTF.dll
0x00007fff84980000 - 0x00007fff8498e000 	C:\WINDOWS\SYSTEM32\HID.DLL
0x00007fff87000000 - 0x00007fff87470000 	C:\WINDOWS\System32\SETUPAPI.DLL
0x00007fff86cc0000 - 0x00007fff86ce6000 	C:\WINDOWS\System32\bcrypt.dll
0x00007fff86f30000 - 0x00007fff86f8c000 	C:\WINDOWS\System32\WINTRUST.dll
0x00007fff85e10000 - 0x00007fff85e22000 	C:\WINDOWS\System32\MSASN1.dll
0x00007fff86af0000 - 0x00007fff86c39000 	C:\WINDOWS\System32\CRYPT32.dll
0x00007fff68800000 - 0x00007fff68956000 	C:\WINDOWS\SYSTEM32\opengl32.dll
0x00007fff6ae00000 - 0x00007fff6ae2c000 	C:\WINDOWS\SYSTEM32\GLU32.dll
0x00007fff849e0000 - 0x00007fff84a00000 	C:\WINDOWS\SYSTEM32\dxcore.dll
0x00007fff46670000 - 0x00007fff4758b000 	C:\WINDOWS\System32\DriverStore\FileRepository\igdlh64.inf_amd64_bdd37d808cfdf045\ig9icd64.dll
0x00007fff87d20000 - 0x00007fff87e77000 	C:\WINDOWS\System32\ole32.dll
0x00007fff84a00000 - 0x00007fff84aeb000 	C:\WINDOWS\system32\dxgi.dll
0x00007fff7b790000 - 0x00007fff7b934000 	C:\WINDOWS\System32\DriverStore\FileRepository\igdlh64.inf_amd64_bdd37d808cfdf045\igdgmm64.dll
0x00007fff792f0000 - 0x00007fff7b78b000 	C:\WINDOWS\System32\DriverStore\FileRepository\igdlh64.inf_amd64_bdd37d808cfdf045\igc64.dll
0x00007fff77ef0000 - 0x00007fff77f8e000 	C:\WINDOWS\System32\TextInputFramework.dll
0x00007fff768b0000 - 0x00007fff76b56000 	C:\WINDOWS\System32\iertutil.dll
0x00007fff5b1f0000 - 0x00007fff5b249000 	C:\Users\Antho\AppData\Local\Temp\lwjglAntho\3.2.3-build-13\lwjgl_opengl.dll
0x00007fff72650000 - 0x00007fff72844000 	C:\WINDOWS\SYSTEM32\dbghelp.dll

VM Arguments:
jvm_args: -Dfile.encoding=Cp1252 
java_command: game.Main
java_class_path (initial): C:\Users\Antho\eclipse-workspace\DMAKER\bin;C:\Users\Antho\eclipse-workspace\JARS\LWJGL3\lwjgl.jar;C:\Users\Antho\eclipse-workspace\JARS\LWJGL3\lwjgl-assimp.jar;C:\Users\Antho\eclipse-workspace\JARS\LWJGL3\lwjgl-assimp-javadoc.jar;C:\Users\Antho\eclipse-workspace\JARS\LWJGL3\lwjgl-assimp-natives-windows.jar;C:\Users\Antho\eclipse-workspace\JARS\LWJGL3\lwjgl-assimp-sources.jar;C:\Users\Antho\eclipse-workspace\JARS\LWJGL3\lwjgl-bgfx.jar;C:\Users\Antho\eclipse-workspace\JARS\LWJGL3\lwjgl-bgfx-javadoc.jar;C:\Users\Antho\eclipse-workspace\JARS\LWJGL3\lwjgl-bgfx-natives-windows.jar;C:\Users\Antho\eclipse-workspace\JARS\LWJGL3\lwjgl-bgfx-sources.jar;C:\Users\Antho\eclipse-workspace\JARS\LWJGL3\lwjgl-glfw.jar;C:\Users\Antho\eclipse-workspace\JARS\LWJGL3\lwjgl-glfw-javadoc.jar;C:\Users\Antho\eclipse-workspace\JARS\LWJGL3\lwjgl-glfw-natives-windows.jar;C:\Users\Antho\eclipse-workspace\JARS\LWJGL3\lwjgl-glfw-sources.jar;C:\Users\Antho\eclipse-workspace\JARS\LWJGL3\lwjgl-javadoc.jar;C:\Users\Antho\eclipse-workspace\JARS\LWJGL3\lwjgl-nanovg.jar;C:\Users\Antho\eclipse-workspace\JARS\LWJGL3\lwjgl-nanovg-javadoc.jar;C:\Users\Antho\eclipse-workspace\JARS\LWJGL3\lwjgl-nanovg-natives-windows.jar;C:\Users\Antho\eclipse-workspace\JARS\LWJGL3\lwjgl-nanovg-sources.jar;C:\Users\Antho\eclipse-workspace\JARS\LWJGL3\lwjgl-natives-windows.jar;C:\Users\Antho\eclipse-workspace\JARS\LWJGL3\lwjgl-nuklear.jar;C:\Users\Antho\eclipse-workspace\JARS\LWJGL3\lwjgl-nuklear-javadoc.jar;C:\Users\Antho\eclipse-workspace\JARS\LWJGL3\lwjgl-nuklear-natives-windows.jar;C:\Users\Antho\eclipse-workspace\JARS\LWJGL3\lwjgl-nuklear-sources.jar;C:\Users\Antho\eclipse-workspace\JARS\LWJGL3\lwjgl-openal.jar;C:\Users\Antho\eclipse-workspace\JARS\LWJGL3\lwjgl-openal-javadoc.jar;C:\Users\Antho\eclipse-workspace\JARS\LWJGL3\lwjgl-openal-natives-windows.jar;C:\Users\Antho\eclipse-workspace\JARS\LWJGL3\lwjgl-openal-sources.jar;C:\Users\Antho\eclipse-workspace\JARS\LWJGL3\lwjgl-opengl.jar;C:\Users
Launcher Type: SUN_STANDARD

Environment Variables:
JAVA_HOME=C:\Program Files\AdoptOpenJDK\jre-8.0.242.08-hotspot\
PATH=C:/Program Files/AdoptOpenJDK/jre-8.0.242.08-hotspot/bin/server;C:/Program Files/AdoptOpenJDK/jre-8.0.242.08-hotspot/bin;C:/Program Files/AdoptOpenJDK/jre-8.0.242.08-hotspot/lib/amd64;C:\Program Files\AdoptOpenJDK\jre-8.0.242.08-hotspot\bin;C:\WINDOWS\system32;C:\WINDOWS;C:\WINDOWS\System32\Wbem;C:\WINDOWS\System32\WindowsPowerShell\v1.0\;C:\WINDOWS\System32\OpenSSH\;C:\Program Files\PuTTY\;C:\Program Files\Microsoft VS Code\bin;C:\Program Files\Calibre2\;C:\Program Files\Git\cmd;C:\Program Files (x86)\QuickTime\QTSystem\;C:\Users\Antho\AppData\Local\Microsoft\WindowsApps;;C:\eclipse;
USERNAME=Antho
OS=Windows_NT
PROCESSOR_IDENTIFIER=Intel64 Family 6 Model 94 Stepping 3, GenuineIntel



---------------  S Y S T E M  ---------------

OS: Windows 10.0 , 64 bit Build 18362 (10.0.18362.959)

CPU:total 4 (initial active 4) (4 cores per cpu, 1 threads per core) family 6 model 94 stepping 3, cmov, cx8, fxsr, mmx, sse, sse2, sse3, ssse3, sse4.1, sse4.2, popcnt, avx, avx2, aes, clmul, erms, 3dnowpref, lzcnt, tsc, tscinvbit, bmi1, bmi2, adx

Memory: 4k page, physical 8274204k(3187184k free), swap 9584924k(3699544k free)

vm_info: OpenJDK 64-Bit Server VM (25.242-b08) for windows-amd64 JRE (1.8.0_242-b08), built on Jan 19 2020 14:45:52 by "jenkins" with MS VC++ 12.0 (VS2013)

time: Sat Aug 01 16:09:57 2020
timezone: Middle East Daylight Time
elapsed time: 1 seconds (0d 0h 0m 1s)

