#
# A fatal error has been detected by the Java Runtime Environment:
#
#  EXCEPTION_ACCESS_VIOLATION (0xc0000005) at pc=0x00007fff46d58fed, pid=2036, tid=0x0000000000002bf8
#
# JRE version: OpenJDK Runtime Environment (8.0_242-b08) (build 1.8.0_242-b08)
# Java VM: OpenJDK 64-Bit Server VM (25.242-b08 mixed mode windows-amd64 compressed oops)
# Problematic frame:
# C  [ig9icd64.dll+0x6e8fed]
#
# Failed to write core dump. Minidumps are not enabled by default on client versions of Windows
#
# If you would like to submit a bug report, please visit:
#   
# The crash happened outside the Java Virtual Machine in native code.
# See problematic frame for where to report the bug.
#

---------------  T H R E A D  ---------------

Current thread (0x0000020b59be5800):  JavaThread "main" [_thread_in_native, id=11256, stack(0x00000053a1100000,0x00000053a1200000)]

siginfo: ExceptionCode=0xc0000005, reading address 0x0000000000000000

Registers:
RAX=0x0000000000000000, RBX=0x0000000000000002, RCX=0x0000020b7e7c3438, RDX=0x0000000000000001
RSP=0x00000053a11fac80, RBP=0x0000000000000001, RSI=0x0000020b7e750e10, RDI=0x0000020b7ea1b418
R8 =0x0000000000000002, R9 =0x0000020b7ea1a6f0, R10=0x0000000000000040, R11=0x0000000000000000
R12=0x00000053a11fb320, R13=0x00000053a11fad70, R14=0x0000000000000000, R15=0x00000053a11fb320
RIP=0x00007fff46d58fed, EFLAGS=0x0000000000010202

Top of Stack: (sp=0x00000053a11fac80)
0x00000053a11fac80:   0000020b7e7e3bb8 0000020b7e750e10
0x00000053a11fac90:   00002fb61e749119 0000020b7e7e3b80
0x00000053a11faca0:   0000020b00000000 0000000000000000
0x00000053a11facb0:   0000020b7e7e5278 00007fff46ebe66e
0x00000053a11facc0:   000000000000000d 0000020b7e7ec668
0x00000053a11facd0:   0000005300000001 0000000000000101
0x00000053a11face0:   0000020b7e7e6078 00007fff46d723e5
0x00000053a11facf0:   0000020b7e7e0101 0000000000000000
0x00000053a11fad00:   00000053a11fb320 0000020b7e7e3b80
0x00000053a11fad10:   0000020b7e750e10 0000000000000001
0x00000053a11fad20:   0000020b7e750e00 0000020b7e7e4180
0x00000053a11fad30:   00000053a11fae40 00007fff46d59d21
0x00000053a11fad40:   0000020b7ea1b418 00000053a11fad70
0x00000053a11fad50:   0000000000000000 0000020b7e7e4180
0x00000053a11fad60:   0000020b7e683440 0000000000000001
0x00000053a11fad70:   0000020b7e7c3340 0000000000000002 

Instructions: (pc=0x00007fff46d58fed)
0x00007fff46d58fcd:   e8 66 90 49 8b 45 00 48 8b 08 48 83 c1 28 49 8b
0x00007fff46d58fdd:   5d 08 66 c7 44 24 70 01 01 8b d5 e8 b3 16 ff ff
0x00007fff46d58fed:   4c 8b 30 66 c7 44 24 58 01 01 b9 40 00 00 00 e8
0x00007fff46d58ffd:   cf 61 16 00 48 8b f8 48 89 84 24 c0 00 00 00 48 


Register to memory mapping:

RAX=0x0000000000000000 is an unknown value
RBX=0x0000000000000002 is an unknown value
RCX=0x0000020b7e7c3438 is an unknown value
RDX=0x0000000000000001 is an unknown value
RSP=0x00000053a11fac80 is pointing into the stack for thread: 0x0000020b59be5800
RBP=0x0000000000000001 is an unknown value
RSI=0x0000020b7e750e10 is an unknown value
RDI=0x0000020b7ea1b418 is an unknown value
R8 =0x0000000000000002 is an unknown value
R9 =0x0000020b7ea1a6f0 is an unknown value
R10=0x0000000000000040 is an unknown value
R11=0x0000000000000000 is an unknown value
R12=0x00000053a11fb320 is pointing into the stack for thread: 0x0000020b59be5800
R13=0x00000053a11fad70 is pointing into the stack for thread: 0x0000020b59be5800
R14=0x0000000000000000 is an unknown value
R15=0x00000053a11fb320 is pointing into the stack for thread: 0x0000020b59be5800


Stack: [0x00000053a1100000,0x00000053a1200000],  sp=0x00000053a11fac80,  free space=1003k
Native frames: (J=compiled Java code, j=interpreted, Vv=VM code, C=native code)
C  [ig9icd64.dll+0x6e8fed]
C  [ig9icd64.dll+0x6e9d21]
C  [ig9icd64.dll+0x6e9831]
C  [ig9icd64.dll+0x6e3900]
C  [ig9icd64.dll+0x6de655]
C  [ig9icd64.dll+0x6e082c]
C  [ig9icd64.dll+0x6de6c5]
C  [ig9icd64.dll+0x6e614d]
C  [ig9icd64.dll+0x6de655]
C  [ig9icd64.dll+0x6df20a]
C  [ig9icd64.dll+0x6e614d]
C  [ig9icd64.dll+0x6de655]
C  [ig9icd64.dll+0x6dee9c]
C  [ig9icd64.dll+0x6e614d]
C  [ig9icd64.dll+0x6de655]
C  [ig9icd64.dll+0x6e614d]
C  [ig9icd64.dll+0x6e9faa]
C  [ig9icd64.dll+0x6de655]
C  [ig9icd64.dll+0x6e614d]
C  [ig9icd64.dll+0x6de655]
C  [ig9icd64.dll+0x6defd1]
C  [ig9icd64.dll+0x6d2468]
C  [ig9icd64.dll+0x67dc5c]
C  [ig9icd64.dll+0x665c71]
C  [ig9icd64.dll+0x623cf5]
C  [ig9icd64.dll+0x621abb]
C  [ig9icd64.dll+0x1e995b]
C  [ig9icd64.dll+0x1dd989]
C  [ig9icd64.dll+0x1ee284]
C  [ig9icd64.dll+0x307e5d]
C  [ig9icd64.dll+0xcce2c]
C  0x0000020b5b6e9c8e

Java frames: (J=compiled Java code, j=interpreted, Vv=VM code)
j  org.lwjgl.opengl.GL20C.glLinkProgram(I)V+0
j  org.lwjgl.opengl.GL20.glLinkProgram(I)V+1
j  engine.graphics.ShaderProgram.link()V+4
j  engine.graphics.Renderer.init(Lengine/Window;)V+50
j  engine.Scene.start(Lengine/Window;)V+27
j  engine.GameEngine.init()V+22
j  engine.GameEngine.run()V+1
j  game.Main.main([Ljava/lang/String;)V+30
v  ~StubRoutines::call_stub

---------------  P R O C E S S  ---------------

Java Threads: ( => current thread )
  0x0000020b70580000 JavaThread "Service Thread" daemon [_thread_blocked, id=812, stack(0x00000053a1e00000,0x00000053a1f00000)]
  0x0000020b7050b800 JavaThread "C1 CompilerThread2" daemon [_thread_blocked, id=2892, stack(0x00000053a1d00000,0x00000053a1e00000)]
  0x0000020b704f0800 JavaThread "C2 CompilerThread1" daemon [_thread_blocked, id=5036, stack(0x00000053a1c00000,0x00000053a1d00000)]
  0x0000020b704e1000 JavaThread "C2 CompilerThread0" daemon [_thread_blocked, id=6896, stack(0x00000053a1b00000,0x00000053a1c00000)]
  0x0000020b704df000 JavaThread "Attach Listener" daemon [_thread_blocked, id=6168, stack(0x00000053a1a00000,0x00000053a1b00000)]
  0x0000020b704cd800 JavaThread "Signal Dispatcher" daemon [_thread_blocked, id=8244, stack(0x00000053a1900000,0x00000053a1a00000)]
  0x0000020b704b3800 JavaThread "Finalizer" daemon [_thread_blocked, id=10552, stack(0x00000053a1800000,0x00000053a1900000)]
  0x0000020b704a9800 JavaThread "Reference Handler" daemon [_thread_blocked, id=4440, stack(0x00000053a1700000,0x00000053a1800000)]
=>0x0000020b59be5800 JavaThread "main" [_thread_in_native, id=11256, stack(0x00000053a1100000,0x00000053a1200000)]

Other Threads:
  0x0000020b6fd6c000 VMThread [stack: 0x00000053a1600000,0x00000053a1700000] [id=9080]
  0x0000020b7058f000 WatcherThread [stack: 0x00000053a1f00000,0x00000053a2000000] [id=3032]

VM state:not at safepoint (normal execution)

VM Mutex/Monitor currently owned by a thread: None

heap address: 0x0000000081a00000, size: 2022 MB, Compressed Oops mode: 32-bit
Narrow klass base: 0x0000000000000000, Narrow klass shift: 3
Compressed class space size: 1073741824 Address: 0x0000000100000000

Heap:
 PSYoungGen      total 38400K, used 15335K [0x00000000d5e00000, 0x00000000d8880000, 0x0000000100000000)
  eden space 33280K, 46% used [0x00000000d5e00000,0x00000000d6cf9f28,0x00000000d7e80000)
  from space 5120K, 0% used [0x00000000d8380000,0x00000000d8380000,0x00000000d8880000)
  to   space 5120K, 0% used [0x00000000d7e80000,0x00000000d7e80000,0x00000000d8380000)
 ParOldGen       total 87552K, used 0K [0x0000000081a00000, 0x0000000086f80000, 0x00000000d5e00000)
  object space 87552K, 0% used [0x0000000081a00000,0x0000000081a00000,0x0000000086f80000)
 Metaspace       used 9163K, capacity 9393K, committed 9600K, reserved 1058816K
  class space    used 763K, capacity 843K, committed 896K, reserved 1048576K

Card table byte_map: [0x0000020b6aa90000,0x0000020b6ae90000] byte_map_base: 0x0000020b6a683000

Marking Bits: (ParMarkBitMap*) 0x0000000059d28030
 Begin Bits: [0x0000020b6b140000, 0x0000020b6d0d8000)
 End Bits:   [0x0000020b6d0d8000, 0x0000020b6f070000)

Polling page: 0x0000020b59dd0000

CodeCache: size=245760Kb used=2805Kb max_used=2816Kb free=242955Kb
 bounds [0x0000020b5b6d0000, 0x0000020b5b9a0000, 0x0000020b6a6d0000]
 total_blobs=1541 nmethods=631 adapters=824
 compilation: enabled

Compilation events (10 events):
Event: 0.789 Thread 0x0000020b7050b800  624       3       java.lang.Character::codePointAt (51 bytes)
Event: 0.790 Thread 0x0000020b7050b800 nmethod 624 0x0000020b5b98c890 code [0x0000020b5b98ca40, 0x0000020b5b98d0f0]
Event: 0.790 Thread 0x0000020b7050b800  625       3       java.nio.HeapCharBuffer::ix (7 bytes)
Event: 0.790 Thread 0x0000020b7050b800 nmethod 625 0x0000020b5b98d290 code [0x0000020b5b98d3e0, 0x0000020b5b98d538]
Event: 0.790 Thread 0x0000020b7050b800  626       3       java.nio.CharBuffer::charAt (16 bytes)
Event: 0.790 Thread 0x0000020b7050b800 nmethod 626 0x0000020b5b98d5d0 code [0x0000020b5b98d760, 0x0000020b5b98dc20]
Event: 0.791 Thread 0x0000020b7050b800  630       1       java.nio.Buffer::remaining (10 bytes)
Event: 0.791 Thread 0x0000020b7050b800 nmethod 630 0x0000020b5b98ddd0 code [0x0000020b5b98df20, 0x0000020b5b98e038]
Event: 0.791 Thread 0x0000020b704f0800  631       4       java.util.regex.Pattern$Node::match (27 bytes)
Event: 0.792 Thread 0x0000020b704f0800 nmethod 631 0x0000020b5b990d50 code [0x0000020b5b990e80, 0x0000020b5b990f38]

GC Heap History (0 events):
No events

Deoptimization events (0 events):
No events

Classes redefined (0 events):
No events

Internal exceptions (10 events):
Event: 0.214 Thread 0x0000020b59be5800 Exception <a 'java/security/PrivilegedActionException'> (0x00000000d6269658) thrown at [C:\cygwin64\tmp\openjdk-jdk8u-windows-x64-hotspot\workspace\build\src\hotspot\src\share\vm\prims\jvm.cpp, line 1502]
Event: 0.214 Thread 0x0000020b59be5800 Exception <a 'java/security/PrivilegedActionException'> (0x00000000d6269868) thrown at [C:\cygwin64\tmp\openjdk-jdk8u-windows-x64-hotspot\workspace\build\src\hotspot\src\share\vm\prims\jvm.cpp, line 1502]
Event: 0.243 Thread 0x0000020b59be5800 Exception <a 'sun/nio/fs/WindowsException'> (0x00000000d62d3610) thrown at [C:\cygwin64\tmp\openjdk-jdk8u-windows-x64-hotspot\workspace\build\src\hotspot\src\share\vm\prims\jni.cpp, line 710]
Event: 0.243 Thread 0x0000020b59be5800 Exception <a 'sun/nio/fs/WindowsException'> (0x00000000d62d3eb8) thrown at [C:\cygwin64\tmp\openjdk-jdk8u-windows-x64-hotspot\workspace\build\src\hotspot\src\share\vm\prims\jni.cpp, line 710]
Event: 0.289 Thread 0x0000020b59be5800 Exception <a 'sun/nio/fs/WindowsException'> (0x00000000d6410b00) thrown at [C:\cygwin64\tmp\openjdk-jdk8u-windows-x64-hotspot\workspace\build\src\hotspot\src\share\vm\prims\jni.cpp, line 710]
Event: 0.289 Thread 0x0000020b59be5800 Exception <a 'sun/nio/fs/WindowsException'> (0x00000000d64111e0) thrown at [C:\cygwin64\tmp\openjdk-jdk8u-windows-x64-hotspot\workspace\build\src\hotspot\src\share\vm\prims\jni.cpp, line 710]
Event: 0.482 Thread 0x0000020b59be5800 Exception <a 'sun/nio/fs/WindowsException'> (0x00000000d64e2e80) thrown at [C:\cygwin64\tmp\openjdk-jdk8u-windows-x64-hotspot\workspace\build\src\hotspot\src\share\vm\prims\jni.cpp, line 710]
Event: 0.482 Thread 0x0000020b59be5800 Exception <a 'sun/nio/fs/WindowsException'> (0x00000000d64e35c0) thrown at [C:\cygwin64\tmp\openjdk-jdk8u-windows-x64-hotspot\workspace\build\src\hotspot\src\share\vm\prims\jni.cpp, line 710]
Event: 0.484 Thread 0x0000020b59be5800 Exception <a 'sun/nio/fs/WindowsException'> (0x00000000d64ef330) thrown at [C:\cygwin64\tmp\openjdk-jdk8u-windows-x64-hotspot\workspace\build\src\hotspot\src\share\vm\prims\jni.cpp, line 710]
Event: 0.484 Thread 0x0000020b59be5800 Exception <a 'sun/nio/fs/WindowsException'> (0x00000000d64ef928) thrown at [C:\cygwin64\tmp\openjdk-jdk8u-windows-x64-hotspot\workspace\build\src\hotspot\src\share\vm\prims\jni.cpp, line 710]

Events (10 events):
Event: 0.788 loading class java/text/FieldPosition
Event: 0.788 loading class java/text/FieldPosition done
Event: 0.788 loading class java/text/DigitList
Event: 0.788 loading class java/text/DigitList done
Event: 0.788 loading class java/math/RoundingMode
Event: 0.788 loading class java/math/RoundingMode done
Event: 0.789 loading class org/lwjgl/system/APIUtil$Encoder
Event: 0.789 loading class org/lwjgl/system/APIUtil$Encoder done
Event: 0.789 loading class org/lwjgl/system/APIUtil$Encoder
Event: 0.789 loading class org/lwjgl/system/APIUtil$Encoder done


Dynamic libraries:
0x00007ff64b000000 - 0x00007ff64b03a000 	C:\Program Files\AdoptOpenJDK\jre-8.0.242.08-hotspot\bin\javaw.exe
0x00007fff88ee0000 - 0x00007fff890d0000 	C:\WINDOWS\SYSTEM32\ntdll.dll
0x00007fff88940000 - 0x00007fff889f2000 	C:\WINDOWS\System32\KERNEL32.DLL
0x00007fff85eb0000 - 0x00007fff86154000 	C:\WINDOWS\System32\KERNELBASE.dll
0x00007fff84030000 - 0x00007fff840bf000 	C:\WINDOWS\SYSTEM32\apphelp.dll
0x00007fff877b0000 - 0x00007fff87853000 	C:\WINDOWS\System32\ADVAPI32.dll
0x00007fff87ad0000 - 0x00007fff87b6e000 	C:\WINDOWS\System32\msvcrt.dll
0x00007fff875d0000 - 0x00007fff87667000 	C:\WINDOWS\System32\sechost.dll
0x00007fff88ba0000 - 0x00007fff88cc0000 	C:\WINDOWS\System32\RPCRT4.dll
0x00007fff88d00000 - 0x00007fff88e94000 	C:\WINDOWS\System32\USER32.dll
0x00007fff86160000 - 0x00007fff86181000 	C:\WINDOWS\System32\win32u.dll
0x00007fff88cd0000 - 0x00007fff88cf6000 	C:\WINDOWS\System32\GDI32.dll
0x00007fff86cf0000 - 0x00007fff86e86000 	C:\WINDOWS\System32\gdi32full.dll
0x00007fff86e90000 - 0x00007fff86f2e000 	C:\WINDOWS\System32\msvcp_win.dll
0x00007fff86260000 - 0x00007fff8635a000 	C:\WINDOWS\System32\ucrtbase.dll
0x00007fff72aa0000 - 0x00007fff72d24000 	C:\WINDOWS\WinSxS\amd64_microsoft.windows.common-controls_6595b64144ccf1df_6.0.18362.959_none_e6c7bbbf130c62bb\COMCTL32.dll
0x00007fff87e80000 - 0x00007fff881b5000 	C:\WINDOWS\System32\combase.dll
0x00007fff86c40000 - 0x00007fff86cc0000 	C:\WINDOWS\System32\bcryptPrimitives.dll
0x00007fff87520000 - 0x00007fff8754e000 	C:\WINDOWS\System32\IMM32.DLL
0x00007fff5aa10000 - 0x00007fff5aaff000 	C:\Program Files\AdoptOpenJDK\jre-8.0.242.08-hotspot\bin\msvcr120.dll
0x00007fff5a960000 - 0x00007fff5aa06000 	C:\Program Files\AdoptOpenJDK\jre-8.0.242.08-hotspot\bin\msvcp120.dll
0x00000000595a0000 - 0x0000000059da1000 	C:\Program Files\AdoptOpenJDK\jre-8.0.242.08-hotspot\bin\server\jvm.dll
0x00007fff88cc0000 - 0x00007fff88cc8000 	C:\WINDOWS\System32\PSAPI.DLL
0x00007fff7f2e0000 - 0x00007fff7f2e9000 	C:\WINDOWS\SYSTEM32\WSOCK32.dll
0x00007fff82120000 - 0x00007fff8212a000 	C:\WINDOWS\SYSTEM32\VERSION.dll
0x00007fff87880000 - 0x00007fff878ef000 	C:\WINDOWS\System32\WS2_32.dll
0x00007fff82b50000 - 0x00007fff82b74000 	C:\WINDOWS\SYSTEM32\WINMM.dll
0x00007fff82b20000 - 0x00007fff82b4d000 	C:\WINDOWS\SYSTEM32\winmmbase.dll
0x00007fff85e60000 - 0x00007fff85eaa000 	C:\WINDOWS\System32\cfgmgr32.dll
0x00007fff82540000 - 0x00007fff8254f000 	C:\Program Files\AdoptOpenJDK\jre-8.0.242.08-hotspot\bin\verify.dll
0x00007fff717e0000 - 0x00007fff71808000 	C:\Program Files\AdoptOpenJDK\jre-8.0.242.08-hotspot\bin\java.dll
0x00007fff7f6f0000 - 0x00007fff7f706000 	C:\Program Files\AdoptOpenJDK\jre-8.0.242.08-hotspot\bin\zip.dll
0x00007fff881c0000 - 0x00007fff888a6000 	C:\WINDOWS\System32\SHELL32.dll
0x00007fff87470000 - 0x00007fff87519000 	C:\WINDOWS\System32\shcore.dll
0x00007fff86360000 - 0x00007fff86ae2000 	C:\WINDOWS\System32\windows.storage.dll
0x00007fff85e30000 - 0x00007fff85e53000 	C:\WINDOWS\System32\profapi.dll
0x00007fff85dc0000 - 0x00007fff85e0a000 	C:\WINDOWS\System32\powrprof.dll
0x00007fff85d90000 - 0x00007fff85da0000 	C:\WINDOWS\System32\UMPDC.dll
0x00007fff88b40000 - 0x00007fff88b92000 	C:\WINDOWS\System32\shlwapi.dll
0x00007fff85da0000 - 0x00007fff85db1000 	C:\WINDOWS\System32\kernel.appcore.dll
0x00007fff86190000 - 0x00007fff861a7000 	C:\WINDOWS\System32\cryptsp.dll
0x00007fff73820000 - 0x00007fff7383a000 	C:\Program Files\AdoptOpenJDK\jre-8.0.242.08-hotspot\bin\net.dll
0x00007fff855a0000 - 0x00007fff85607000 	C:\WINDOWS\system32\mswsock.dll
0x00007fff717c0000 - 0x00007fff717d2000 	C:\Program Files\AdoptOpenJDK\jre-8.0.242.08-hotspot\bin\nio.dll
0x00007fff65870000 - 0x00007fff658d4000 	C:\Users\Antho\AppData\Local\Temp\lwjglAntho\3.2.3-build-13\lwjgl.dll
0x00007fff5b9d0000 - 0x00007fff5ba32000 	C:\Users\Antho\AppData\Local\Temp\lwjglAntho\3.2.3-build-13\glfw.dll
0x00007fff84440000 - 0x00007fff844d9000 	C:\WINDOWS\system32\uxtheme.dll
0x00007fff68b60000 - 0x00007fff68ba3000 	C:\WINDOWS\SYSTEM32\dinput8.dll
0x00007fff734b0000 - 0x00007fff734c1000 	C:\WINDOWS\SYSTEM32\xinput1_4.dll
0x00007fff85b90000 - 0x00007fff85bba000 	C:\WINDOWS\SYSTEM32\DEVOBJ.dll
0x00007fff84720000 - 0x00007fff8474d000 	C:\WINDOWS\SYSTEM32\dwmapi.dll
0x00007fff77dd0000 - 0x00007fff77eeb000 	C:\WINDOWS\SYSTEM32\inputhost.dll
0x00007fff83e20000 - 0x00007fff83ef4000 	C:\WINDOWS\SYSTEM32\CoreMessaging.dll
0x00007fff81470000 - 0x00007fff8179a000 	C:\WINDOWS\SYSTEM32\CoreUIComponents.dll
0x00007fff82820000 - 0x00007fff82910000 	C:\WINDOWS\SYSTEM32\PROPSYS.dll
0x00007fff87a00000 - 0x00007fff87ac5000 	C:\WINDOWS\System32\OLEAUT32.dll
0x00007fff81810000 - 0x00007fff81963000 	C:\WINDOWS\SYSTEM32\wintypes.dll
0x00007fff84d70000 - 0x00007fff84da1000 	C:\WINDOWS\SYSTEM32\ntmarta.dll
0x00007fff88a00000 - 0x00007fff88b35000 	C:\WINDOWS\System32\MSCTF.dll
0x00007fff84980000 - 0x00007fff8498e000 	C:\WINDOWS\SYSTEM32\HID.DLL
0x00007fff87000000 - 0x00007fff87470000 	C:\WINDOWS\System32\SETUPAPI.DLL
0x00007fff86cc0000 - 0x00007fff86ce6000 	C:\WINDOWS\System32\bcrypt.dll
0x00007fff86f30000 - 0x00007fff86f8c000 	C:\WINDOWS\System32\WINTRUST.dll
0x00007fff85e10000 - 0x00007fff85e22000 	C:\WINDOWS\System32\MSASN1.dll
0x00007fff86af0000 - 0x00007fff86c39000 	C:\WINDOWS\System32\CRYPT32.dll
0x00007fff68800000 - 0x00007fff68956000 	C:\WINDOWS\SYSTEM32\opengl32.dll
0x00007fff6ae00000 - 0x00007fff6ae2c000 	C:\WINDOWS\SYSTEM32\GLU32.dll
0x00007fff849e0000 - 0x00007fff84a00000 	C:\WINDOWS\SYSTEM32\dxcore.dll
0x00007fff46670000 - 0x00007fff4758b000 	C:\WINDOWS\System32\DriverStore\FileRepository\igdlh64.inf_amd64_bdd37d808cfdf045\ig9icd64.dll
0x00007fff87d20000 - 0x00007fff87e77000 	C:\WINDOWS\System32\ole32.dll
0x00007fff84a00000 - 0x00007fff84aeb000 	C:\WINDOWS\system32\dxgi.dll
0x00007fff7b790000 - 0x00007fff7b934000 	C:\WINDOWS\System32\DriverStore\FileRepository\igdlh64.inf_amd64_bdd37d808cfdf045\igdgmm64.dll
0x00007fff792f0000 - 0x00007fff7b78b000 	C:\WINDOWS\System32\DriverStore\FileRepository\igdlh64.inf_amd64_bdd37d808cfdf045\igc64.dll
0x00007fff77ef0000 - 0x00007fff77f8e000 	C:\WINDOWS\System32\TextInputFramework.dll
0x00007fff768b0000 - 0x00007fff76b56000 	C:\WINDOWS\System32\iertutil.dll
0x00007fff5b1f0000 - 0x00007fff5b249000 	C:\Users\Antho\AppData\Local\Temp\lwjglAntho\3.2.3-build-13\lwjgl_opengl.dll
0x00007fff72650000 - 0x00007fff72844000 	C:\WINDOWS\SYSTEM32\dbghelp.dll

VM Arguments:
jvm_args: -Dfile.encoding=Cp1252 
java_command: game.Main
java_class_path (initial): C:\Users\Antho\eclipse-workspace\DMAKER\bin;C:\Users\Antho\eclipse-workspace\JARS\LWJGL3\lwjgl.jar;C:\Users\Antho\eclipse-workspace\JARS\LWJGL3\lwjgl-assimp.jar;C:\Users\Antho\eclipse-workspace\JARS\LWJGL3\lwjgl-assimp-javadoc.jar;C:\Users\Antho\eclipse-workspace\JARS\LWJGL3\lwjgl-assimp-natives-windows.jar;C:\Users\Antho\eclipse-workspace\JARS\LWJGL3\lwjgl-assimp-sources.jar;C:\Users\Antho\eclipse-workspace\JARS\LWJGL3\lwjgl-bgfx.jar;C:\Users\Antho\eclipse-workspace\JARS\LWJGL3\lwjgl-bgfx-javadoc.jar;C:\Users\Antho\eclipse-workspace\JARS\LWJGL3\lwjgl-bgfx-natives-windows.jar;C:\Users\Antho\eclipse-workspace\JARS\LWJGL3\lwjgl-bgfx-sources.jar;C:\Users\Antho\eclipse-workspace\JARS\LWJGL3\lwjgl-glfw.jar;C:\Users\Antho\eclipse-workspace\JARS\LWJGL3\lwjgl-glfw-javadoc.jar;C:\Users\Antho\eclipse-workspace\JARS\LWJGL3\lwjgl-glfw-natives-windows.jar;C:\Users\Antho\eclipse-workspace\JARS\LWJGL3\lwjgl-glfw-sources.jar;C:\Users\Antho\eclipse-workspace\JARS\LWJGL3\lwjgl-javadoc.jar;C:\Users\Antho\eclipse-workspace\JARS\LWJGL3\lwjgl-nanovg.jar;C:\Users\Antho\eclipse-workspace\JARS\LWJGL3\lwjgl-nanovg-javadoc.jar;C:\Users\Antho\eclipse-workspace\JARS\LWJGL3\lwjgl-nanovg-natives-windows.jar;C:\Users\Antho\eclipse-workspace\JARS\LWJGL3\lwjgl-nanovg-sources.jar;C:\Users\Antho\eclipse-workspace\JARS\LWJGL3\lwjgl-natives-windows.jar;C:\Users\Antho\eclipse-workspace\JARS\LWJGL3\lwjgl-nuklear.jar;C:\Users\Antho\eclipse-workspace\JARS\LWJGL3\lwjgl-nuklear-javadoc.jar;C:\Users\Antho\eclipse-workspace\JARS\LWJGL3\lwjgl-nuklear-natives-windows.jar;C:\Users\Antho\eclipse-workspace\JARS\LWJGL3\lwjgl-nuklear-sources.jar;C:\Users\Antho\eclipse-workspace\JARS\LWJGL3\lwjgl-openal.jar;C:\Users\Antho\eclipse-workspace\JARS\LWJGL3\lwjgl-openal-javadoc.jar;C:\Users\Antho\eclipse-workspace\JARS\LWJGL3\lwjgl-openal-natives-windows.jar;C:\Users\Antho\eclipse-workspace\JARS\LWJGL3\lwjgl-openal-sources.jar;C:\Users\Antho\eclipse-workspace\JARS\LWJGL3\lwjgl-opengl.jar;C:\Users
Launcher Type: SUN_STANDARD

Environment Variables:
JAVA_HOME=C:\Program Files\AdoptOpenJDK\jre-8.0.242.08-hotspot\
PATH=C:/Program Files/AdoptOpenJDK/jre-8.0.242.08-hotspot/bin/server;C:/Program Files/AdoptOpenJDK/jre-8.0.242.08-hotspot/bin;C:/Program Files/AdoptOpenJDK/jre-8.0.242.08-hotspot/lib/amd64;C:\Program Files\AdoptOpenJDK\jre-8.0.242.08-hotspot\bin;C:\WINDOWS\system32;C:\WINDOWS;C:\WINDOWS\System32\Wbem;C:\WINDOWS\System32\WindowsPowerShell\v1.0\;C:\WINDOWS\System32\OpenSSH\;C:\Program Files\PuTTY\;C:\Program Files\Microsoft VS Code\bin;C:\Program Files\Calibre2\;C:\Program Files\Git\cmd;C:\Program Files (x86)\QuickTime\QTSystem\;C:\Users\Antho\AppData\Local\Microsoft\WindowsApps;;C:\eclipse;
USERNAME=Antho
OS=Windows_NT
PROCESSOR_IDENTIFIER=Intel64 Family 6 Model 94 Stepping 3, GenuineIntel



---------------  S Y S T E M  ---------------

OS: Windows 10.0 , 64 bit Build 18362 (10.0.18362.959)

CPU:total 4 (initial active 4) (4 cores per cpu, 1 threads per core) family 6 model 94 stepping 3, cmov, cx8, fxsr, mmx, sse, sse2, sse3, ssse3, sse4.1, sse4.2, popcnt, avx, avx2, aes, clmul, erms, 3dnowpref, lzcnt, tsc, tscinvbit, bmi1, bmi2, adx

Memory: 4k page, physical 8274204k(3476988k free), swap 9584924k(3979636k free)

vm_info: OpenJDK 64-Bit Server VM (25.242-b08) for windows-amd64 JRE (1.8.0_242-b08), built on Jan 19 2020 14:45:52 by "jenkins" with MS VC++ 12.0 (VS2013)

time: Sat Aug 01 16:15:12 2020
timezone: Middle East Daylight Time
elapsed time: 1 seconds (0d 0h 0m 1s)

